ScienceEngine-android/proguard.cfg
-optimizationpasses 5
-dontusemixedcaseclassnames
-dontskipnonpubliclibraryclasses
-dontpreverify
-verbose
-optimizations !code/simplification/arithmetic,!field/*,!class/merging/*

-renamesourcefileattribute SourceFile
-keepattributes SourceFile,LineNumberTable

# http://stackoverflow.com/questions/4525661/android-proguard-cant-find-dynamically-referenced-class-javax-swing
-dontwarn java.awt.**
-dontnote java.awt.**
-dontwarn com.badlogic.gdx.jnigen.**
-dontwarn com.badlogic.**
-dontnote com.badlogic.**

-keep public class * extends android.app.Activity
-keep public class * extends android.app.Application
-keep public class * extends android.app.Service
-keep public class * extends android.content.BroadcastReceiver
-keep public class * extends android.content.ContentProvider
-keep public class * extends android.app.backup.BackupAgentHelper
-keep public class * extends android.preference.Preference

#-keep public class com.android.vending.licensing.ILicensingService
-keep class com.badlogic.**
-keep class com.badlogic.backends.**
-keep class * implements com.badlogic.gdx.utils.Json*
-keep class com.google.**
-keep class java.lang.reflect.**

-keepnames class * implements java.io.Serializable

-keepclassmembers class * implements java.io.Serializable {
    static final long serialVersionUID;
    private static final java.io.ObjectStreamField[] serialPersistentFields;
    !static !transient <fields>;
    private void writeObject(java.io.ObjectOutputStream);
    private void readObject(java.io.ObjectInputStream);
    java.lang.Object writeReplace();
    java.lang.Object readResolve();
}


-keepclasseswithmembernames class * {
    native <methods>;
}

-keepclasseswithmembers class * {
    public <init>(android.content.Context, android.util.AttributeSet);
}

-keepclasseswithmembers class * {
    public <init>(android.content.Context, android.util.AttributeSet, int);
}

-keepclassmembers class * extends android.app.Activity {
   public void *(android.view.View);
}

-keepclassmembers enum * {
    public static **[] values();
    public static ** valueOf(java.lang.String);
}

-keep class * implements android.os.Parcelable {
  public static final android.os.Parcelable$Creator *;
}

-keep class com.badlogic.gdx.backends.android.** { *; }

-keep class com.badlogic.gdx.scenes.scene2d.ui.** { *; }

-keep class com.mazalearn.scienceengine.JsonSerializable 

-keep class * implements com.mazalearn.scienceengine.JsonSerializable { *; }

-keep class com.android.vending.billing.**

-dontshrink

#-dontnote
#-dontwarn 
# cant get proguard working - last problem with box2D beginContact renamed