ScienceEngine-android/proguard/seeds.txt
com.mazalearn.scienceengine.Device
com.mazalearn.scienceengine.Device: int height
com.mazalearn.scienceengine.Device: int width
com.mazalearn.scienceengine.Device: com.mazalearn.scienceengine.Device[] values()
com.mazalearn.scienceengine.Device: com.mazalearn.scienceengine.Device valueOf(java.lang.String)
com.mazalearn.scienceengine.JsonSerializable
com.mazalearn.scienceengine.MainActivity
com.mazalearn.scienceengine.MainActivity: MainActivity()
com.mazalearn.scienceengine.ScreenComponent
com.mazalearn.scienceengine.ScreenComponent: int xOffset
com.mazalearn.scienceengine.ScreenComponent: int yOffset
com.mazalearn.scienceengine.ScreenComponent: com.badlogic.gdx.graphics.Color color
com.mazalearn.scienceengine.ScreenComponent: boolean inAllScreens
com.mazalearn.scienceengine.ScreenComponent: boolean helpTour
com.mazalearn.scienceengine.ScreenComponent: com.mazalearn.scienceengine.ScreenComponent$XAlign xAlign
com.mazalearn.scienceengine.ScreenComponent: com.mazalearn.scienceengine.ScreenComponent$YAlign yAlign
com.mazalearn.scienceengine.ScreenComponent: int canonicalWidth
com.mazalearn.scienceengine.ScreenComponent: int canonicalHeight
com.mazalearn.scienceengine.ScreenComponent: float x
com.mazalearn.scienceengine.ScreenComponent: float y
com.mazalearn.scienceengine.ScreenComponent: float width
com.mazalearn.scienceengine.ScreenComponent: float height
com.mazalearn.scienceengine.ScreenComponent: int zIndex
com.mazalearn.scienceengine.ScreenComponent: com.mazalearn.scienceengine.ScreenComponent[] values()
com.mazalearn.scienceengine.ScreenComponent: com.mazalearn.scienceengine.ScreenComponent valueOf(java.lang.String)
com.mazalearn.scienceengine.ScreenComponent$XAlign
com.mazalearn.scienceengine.ScreenComponent$XAlign: int base
com.mazalearn.scienceengine.ScreenComponent$XAlign: com.mazalearn.scienceengine.ScreenComponent$XAlign[] values()
com.mazalearn.scienceengine.ScreenComponent$XAlign: com.mazalearn.scienceengine.ScreenComponent$XAlign valueOf(java.lang.String)
com.mazalearn.scienceengine.ScreenComponent$YAlign
com.mazalearn.scienceengine.ScreenComponent$YAlign: int base
com.mazalearn.scienceengine.ScreenComponent$YAlign: com.mazalearn.scienceengine.ScreenComponent$YAlign[] values()
com.mazalearn.scienceengine.ScreenComponent$YAlign: com.mazalearn.scienceengine.ScreenComponent$YAlign valueOf(java.lang.String)
com.mazalearn.scienceengine.StatusType
com.mazalearn.scienceengine.StatusType: com.badlogic.gdx.graphics.Color color
com.mazalearn.scienceengine.StatusType: com.mazalearn.scienceengine.StatusType[] values()
com.mazalearn.scienceengine.StatusType: com.mazalearn.scienceengine.StatusType valueOf(java.lang.String)
com.mazalearn.scienceengine.Topic
com.mazalearn.scienceengine.Topic: com.mazalearn.scienceengine.Topic[] childTopics
com.mazalearn.scienceengine.Topic: com.mazalearn.scienceengine.Topic canonicalChild
com.mazalearn.scienceengine.Topic: int topicId
com.mazalearn.scienceengine.Topic: java.lang.String description
com.mazalearn.scienceengine.Topic: boolean isFree
com.mazalearn.scienceengine.Topic: com.mazalearn.scienceengine.Topic[] values()
com.mazalearn.scienceengine.Topic: com.mazalearn.scienceengine.Topic valueOf(java.lang.String)
com.mazalearn.scienceengine.VideoPlayer
com.mazalearn.scienceengine.VideoPlayer: VideoPlayer()
com.mazalearn.scienceengine.WebViewActivity
com.mazalearn.scienceengine.WebViewActivity: WebViewActivity()
com.mazalearn.scienceengine.app.dialogs.PurchaseDialog$State
com.mazalearn.scienceengine.app.dialogs.PurchaseDialog$State: int index
com.mazalearn.scienceengine.app.dialogs.PurchaseDialog$State: com.mazalearn.scienceengine.app.dialogs.PurchaseDialog$State[] values()
com.mazalearn.scienceengine.app.dialogs.PurchaseDialog$State: com.mazalearn.scienceengine.app.dialogs.PurchaseDialog$State valueOf(java.lang.String)
...
com.badlogic.gdx.assets.loaders.SkinLoader
com.badlogic.gdx.assets.loaders.SkinLoader$SkinParameter
com.badlogic.gdx.assets.loaders.SoundLoader
com.badlogic.gdx.assets.loaders.SoundLoader$SoundParameter
com.badlogic.gdx.assets.loaders.SynchronousAssetLoader
com.badlogic.gdx.assets.loaders.TextureAtlasLoader
com.badlogic.gdx.assets.loaders.TextureAtlasLoader$TextureAtlasParameter
com.badlogic.gdx.assets.loaders.TextureLoader
com.badlogic.gdx.assets.loaders.TextureLoader$TextureParameter
com.badlogic.gdx.assets.loaders.TileAtlasLoader
com.badlogic.gdx.assets.loaders.TileAtlasLoader$TileAtlasParameter
com.badlogic.gdx.assets.loaders.TileMapRendererLoader
com.badlogic.gdx.assets.loaders.TileMapRendererLoader$TileMapParameter
com.badlogic.gdx.assets.loaders.resolvers.ExternalFileHandleResolver
com.badlogic.gdx.assets.loaders.resolvers.InternalFileHandleResolver
com.badlogic.gdx.assets.loaders.resolvers.ResolutionFileResolver
com.badlogic.gdx.assets.loaders.resolvers.ResolutionFileResolver$Resolution
com.badlogic.gdx.audio.AudioDevice
com.badlogic.gdx.audio.AudioRecorder
com.badlogic.gdx.audio.Music
com.badlogic.gdx.audio.Sound
com.badlogic.gdx.backends.android.AndroidApplication
com.badlogic.gdx.backends.android.AndroidApplication: com.badlogic.gdx.backends.android.AndroidGraphics graphics
com.badlogic.gdx.backends.android.AndroidApplication: com.badlogic.gdx.backends.android.AndroidInput input
com.badlogic.gdx.backends.android.AndroidApplication: com.badlogic.gdx.backends.android.AndroidAudio audio
com.badlogic.gdx.backends.android.AndroidApplication: com.badlogic.gdx.backends.android.AndroidFiles files
com.badlogic.gdx.backends.android.AndroidApplication: com.badlogic.gdx.backends.android.AndroidNet net
com.badlogic.gdx.backends.android.AndroidApplication: com.badlogic.gdx.ApplicationListener listener
com.badlogic.gdx.backends.android.AndroidApplication: android.os.Handler handler
com.badlogic.gdx.backends.android.AndroidApplication: boolean firstResume
com.badlogic.gdx.backends.android.AndroidApplication: com.badlogic.gdx.utils.Array runnables
com.badlogic.gdx.backends.android.AndroidApplication: com.badlogic.gdx.utils.Array executedRunnables
com.badlogic.gdx.backends.android.AndroidApplication: com.badlogic.gdx.utils.Array lifecycleListeners
com.badlogic.gdx.backends.android.AndroidApplication: android.os.PowerManager$WakeLock wakeLock
com.badlogic.gdx.backends.android.AndroidApplication: int logLevel
com.badlogic.gdx.backends.android.AndroidApplication: com.badlogic.gdx.backends.android.AndroidClipboard clipboard
com.badlogic.gdx.backends.android.AndroidApplication$1
com.badlogic.gdx.backends.android.AndroidApplication$1: com.badlogic.gdx.backends.android.AndroidApplication this$0
com.badlogic.gdx.backends.android.AndroidApplication$1: AndroidApplication$1(com.badlogic.gdx.backends.android.AndroidApplication)
com.badlogic.gdx.backends.android.AndroidApplication$1: void run()