ScienceEngine-android/proguard/mapping.txt
com.mazalearn.scienceengine.AbstractPlatformAdapter -> com.mazalearn.scienceengine.a:
    com.mazalearn.scienceengine.app.services.IMessage messages -> a
    com.mazalearn.scienceengine.app.utils.IPlatformAdapter$Platform platform -> b
    30:31:void browseURL(java.lang.String) -> a
    35:36:void showExternalURL(java.lang.String) -> b
    39:43:void showFileUri(com.badlogic.gdx.files.FileHandle) -> a
    47:48:void showInternalURL(java.lang.String) -> c
    52:52:boolean playVideo(java.io.File) -> a
    58:58:com.badlogic.gdx.scenes.scene2d.Stage createLevelEditor(com.mazalearn.scienceengine.core.controller.IScience2DController,com.mazalearn.scienceengine.app.screens.AbstractScreen) -> a
    63:66:com.mazalearn.scienceengine.app.services.IMessage getMsg() -> a
    71:71:com.mazalearn.scienceengine.app.utils.IPlatformAdapter$Platform getPlatform() -> b
    76:76:com.badlogic.gdx.graphics.g2d.BitmapFont loadFont(com.badlogic.gdx.scenes.scene2d.ui.Skin,java.lang.String) -> a
    81:81:boolean supportsLanguage() -> c
    86:86:void takeSnapshot(com.badlogic.gdx.scenes.scene2d.Stage,com.mazalearn.scienceengine.Topic,com.mazalearn.scienceengine.Topic,int,int,int,int) -> a
    90:105:void launchPurchaseFlow(java.lang.String,com.mazalearn.scienceengine.billing.IBilling) -> a
    110:138:void queryInventory(java.util.List,com.mazalearn.scienceengine.billing.IBilling) -> a
    142:142:boolean supportsSpeech() -> d
    147:147:void provisionSpeech() -> e
com.mazalearn.scienceengine.AbstractPlatformAdapter$1 -> com.mazalearn.scienceengine.b:
    com.mazalearn.scienceengine.AbstractPlatformAdapter this$0 -> a
    com.mazalearn.scienceengine.billing.IBilling val$billing -> b
    java.lang.String val$productId -> c
    96:101:void run() -> run
com.mazalearn.scienceengine.AbstractPlatformAdapter$2 -> com.mazalearn.scienceengine.c:
    com.mazalearn.scienceengine.AbstractPlatformAdapter this$0 -> a
    com.mazalearn.scienceengine.billing.IBilling val$billing -> b
    com.mazalearn.scienceengine.billing.Inventory val$inventory -> c
    131:136:void run() -> run
com.mazalearn.scienceengine.AndroidPlatformAdapter -> com.mazalearn.scienceengine.d:
    int PAUSE_MS -> b
    com.badlogic.gdx.backends.android.AndroidApplication application -> c
    com.mazalearn.scienceengine.billing.IabHelper iabHelper -> d
    android.speech.tts.TextToSpeech textToSpeech -> e
    java.lang.String deviceId -> f
    java.lang.String HINDI_TTF -> g
    java.lang.String KANNADA_TTF -> h
    45:45:java.lang.String getDeviceId() -> f
    49:52:com.mazalearn.scienceengine.app.services.IMessage getMsg() -> a
    57:59:void browseURL(java.lang.String) -> a
    63:64:void showExternalURL(java.lang.String) -> b
    68:72:void showFileUri(java.lang.String,java.lang.String) -> a
    76:77:void showInternalURL(java.lang.String) -> c
    81:105:void launchPurchaseFlow(java.lang.String,com.mazalearn.scienceengine.billing.IBilling) -> a
    109:135:void queryInventory(java.util.List,com.mazalearn.scienceengine.billing.IBilling) -> a
    139:180:boolean verifyDeveloperPayload(com.mazalearn.scienceengine.billing.Purchase,java.lang.String) -> a
    185:190:boolean playVideo(java.io.File) -> a
    199:212:com.badlogic.gdx.graphics.g2d.BitmapFont loadFont(com.badlogic.gdx.scenes.scene2d.ui.Skin,java.lang.String) -> a
    217:217:boolean supportsLanguage() -> c
    222:222:boolean supportsSpeech() -> d
    227:236:void speak(java.lang.String,boolean) -> a
    239:244:java.lang.String getUserEmail() -> i
    249:255:void provisionSpeech() -> e
com.mazalearn.scienceengine.AndroidPlatformAdapter$1 -> com.mazalearn.scienceengine.e:
    com.mazalearn.scienceengine.AndroidPlatformAdapter this$0 -> a
    com.mazalearn.scienceengine.billing.IBilling val$billing -> b
    java.lang.String val$productId -> c
    91:103:void onIabPurchaseFinished(com.mazalearn.scienceengine.billing.IabResult,com.mazalearn.scienceengine.billing.Purchase) -> a
...
com.badlogic.gdx.scenes.scene2d.actions.ScaleByAction -> com.badlogic.gdx.scenes.scene2d.actions.ScaleByAction:
    float amountX -> b
    float amountY -> c
    25:26:void updateRelative(float) -> c
    29:31:void setAmount(float,float) -> a
    34:36:void setAmount(float) -> d
    39:39:float getAmountX() -> d
    43:44:void setAmountX(float) -> f
    47:47:float getAmountY() -> e
    51:52:void setAmountY(float) -> g
com.badlogic.gdx.scenes.scene2d.actions.ScaleToAction -> com.badlogic.gdx.scenes.scene2d.actions.ScaleToAction:
    float startX -> b
    float startY -> c
    float endX -> d
    float endY -> e
    26:28:void begin() -> c
    31:32:void update(float) -> b
    35:37:void setScale(float,float) -> a
    40:42:void setScale(float) -> c
    45:45:float getX() -> d
    49:50:void setX(float) -> d
    53:53:float getY() -> e
    57:58:void setY(float) -> f
com.badlogic.gdx.scenes.scene2d.actions.SequenceAction -> com.badlogic.gdx.scenes.scene2d.actions.SequenceAction:
    int index -> c
    25:30:boolean act(float) -> a
    34:36:void restart() -> a
com.badlogic.gdx.scenes.scene2d.actions.SizeByAction -> com.badlogic.gdx.scenes.scene2d.actions.SizeByAction:
    float amountWidth -> b
    float amountHeight -> c
    25:26:void updateRelative(float) -> c
    29:31:void setAmount(float,float) -> a
    34:34:float getAmountWidth() -> d
    38:39:void setAmountWidth(float) -> d
    42:42:float getAmountHeight() -> e
    46:47:void setAmountHeight(float) -> f
com.badlogic.gdx.scenes.scene2d.actions.SizeToAction -> com.badlogic.gdx.scenes.scene2d.actions.SizeToAction:
    float startWidth -> b
    float startHeight -> c
    float endWidth -> d
    float endHeight -> e
    26:28:void begin() -> c
    31:32:void update(float) -> b
    35:37:void setSize(float,float) -> a
    40:40:float getWidth() -> d
    44:45:void setWidth(float) -> c
    48:48:float getHeight() -> e
    52:53:void setHeight(float) -> d
com.badlogic.gdx.scenes.scene2d.actions.TemporalAction -> com.badlogic.gdx.scenes.scene2d.actions.TemporalAction:
    float duration -> b
    float time -> c
    com.badlogic.gdx.math.Interpolation interpolation -> d
    boolean reverse -> e
    boolean complete -> f
    42:55:boolean act(float) -> a
    61:61:void begin() -> c
    65:65:void end() -> d
    void update(float) -> b
    74:75:void finish() -> e
    78:80:void restart() -> a
    83:86:void reset() -> b
    90:90:float getTime() -> f
    95:96:void setTime(float) -> c
    99:99:float getDuration() -> g
    104:105:void setDuration(float) -> e
    108:108:com.badlogic.gdx.math.Interpolation getInterpolation() -> h
    112:113:void setInterpolation(com.badlogic.gdx.math.Interpolation) -> a
    116:116:boolean isReverse() -> i
    121:122:void setReverse(boolean) -> a
com.badlogic.gdx.scenes.scene2d.actions.TouchableAction -> com.badlogic.gdx.scenes.scene2d.actions.TouchableAction:
    com.badlogic.gdx.scenes.scene2d.Touchable touchable -> b
    29:30:boolean act(float) -> a
    34:34:com.badlogic.gdx.scenes.scene2d.Touchable getTouchable() -> c
    38:39:void setTouchable(com.badlogic.gdx.scenes.scene2d.Touchable) -> a
com.badlogic.gdx.scenes.scene2d.actions.VisibleAction -> com.badlogic.gdx.scenes.scene2d.actions.VisibleAction:
    boolean visible -> b
    28:29:boolean act(float) -> a
    33:33:boolean isVisible() -> c
    37:38:void setVisible(boolean) -> a