ScienceEngine-android/proguard/usage.txt
com.mazalearn.scienceengine.AbstractPlatformAdapter:
    35:36:public void showExternalURL(java.lang.String)
    39:43:private void showFileUri(com.badlogic.gdx.files.FileHandle)
    47:48:public void showInternalURL(java.lang.String)
    76:76:public com.badlogic.gdx.graphics.g2d.BitmapFont loadFont(com.badlogic.gdx.scenes.scene2d.ui.Skin,java.lang.String)
com.mazalearn.scienceengine.AndroidPlatformAdapter:
    private static final int PAUSE_MS
    private static final java.lang.String HINDI_TTF
    private static final java.lang.String KANNADA_TTF
    63:64:public void showExternalURL(java.lang.String)
    68:72:private void showFileUri(java.lang.String,java.lang.String)
    76:77:public void showInternalURL(java.lang.String)
    199:212:public com.badlogic.gdx.graphics.g2d.BitmapFont loadFont(com.badlogic.gdx.scenes.scene2d.ui.Skin,java.lang.String)
    239:244:public java.lang.String getUserEmail()
com.mazalearn.scienceengine.BuildConfig
com.mazalearn.scienceengine.Installation:
    private static final java.lang.String INSTALLATION
    10:10:public Installation()
com.mazalearn.scienceengine.MainActivity:
    static final int TTS_CHECK
    89:89:java.lang.String findAndroidId()
com.mazalearn.scienceengine.Messages:
    private static final java.lang.String BUNDLE_NAME
com.mazalearn.scienceengine.NonWebPlatformAdapter:
    private static final java.lang.String BODY_DELIMITER
com.mazalearn.scienceengine.R
com.mazalearn.scienceengine.R$attr
com.mazalearn.scienceengine.R$drawable
com.mazalearn.scienceengine.R$id
com.mazalearn.scienceengine.R$layout
com.mazalearn.scienceengine.R$string
com.mazalearn.scienceengine.ScienceEngine:
    public static final java.lang.String USER
com.mazalearn.scienceengine.ScreenComponent:
    public static final java.lang.String CORE_GROUP
    public static final java.lang.String TUTOR_GROUP
    public static final java.lang.String ACTIVITY_GROUP
    public static final java.lang.String HELP_TOUR
    public static final int PIXELS_PER_M
    private static final int CANONICAL_VIEWPORT_HEIGHT
    private static final int CANONICAL_VIEWPORT_WIDTH
    private static final int CANONICAL_FONT_SIZE
    156:161:public static com.mazalearn.scienceengine.ScreenComponent valueOf(com.mazalearn.scienceengine.core.model.IComponentType)
com.mazalearn.scienceengine.Topic:
    private static final java.lang.String PRODUCT_PREFIX
    85:85:public com.mazalearn.scienceengine.Topic idToTopic(int)
com.mazalearn.scienceengine.app.dialogs.AboutDialog:
    private static final java.lang.String COPYRIGHTS_FILE
com.mazalearn.scienceengine.app.dialogs.AboutDialog$Copyright:
    java.lang.String year
    138:145:java.lang.String toString(java.lang.String)
com.mazalearn.scienceengine.app.dialogs.AppRater:
    private static final java.lang.String APP_TITLE
    private static final java.lang.String APP_PNAME
    private static final int DAYS_UNTIL_PROMPT
    private static final int LAUNCHES_UNTIL_PROMPT
    17:17:public AppRater()
com.mazalearn.scienceengine.app.dialogs.PurchaseDialog:
    private static final java.lang.String PURCHASE_FLOW
com.mazalearn.scienceengine.app.dialogs.UserHomeDialog:
    private static final int GIFT_WIDTH
    static final int GIFT_HEIGHT
    private static final int CERTIFICATE_WIDTH
    private static final int CERTIFICATE_HEIGHT
    private static final boolean ENABLE_SOCIAL
com.mazalearn.scienceengine.app.screens.ChooseTopicScreen:
    private static final int THUMBNAIL_WIDTH
    private static final int THUMBNAIL_HEIGHT
com.mazalearn.scienceengine.app.screens.LoadingScreen:
    private static final float INCREMENT
com.mazalearn.scienceengine.app.screens.OverlayImage
com.mazalearn.scienceengine.app.screens.TopicHomeScreen:
    private static final int RESOURCE_WIDTH
    public static final int THUMBNAIL_WIDTH
    public static final int THUMBNAIL_HEIGHT
    private static final int RESOURCE_INFO_HEIGHT
...
com.android.vending.billing.IInAppBillingService$Stub$Proxy:
    186:186:public java.lang.String getInterfaceDescriptor()
com.badlogic.gdx.Application:
    public static final int LOG_NONE
    public static final int LOG_DEBUG
    public static final int LOG_INFO
    public static final int LOG_ERROR
    public abstract com.badlogic.gdx.Audio getAudio()
    public abstract com.badlogic.gdx.Files getFiles()
    public abstract com.badlogic.gdx.Net getNet()
    public abstract void log(java.lang.String,java.lang.String,java.lang.Exception)
    public abstract void debug(java.lang.String,java.lang.String,java.lang.Throwable)
    public abstract void setLogLevel(int)
    public abstract int getVersion()
    public abstract long getJavaHeap()
    public abstract long getNativeHeap()
    public abstract void addLifecycleListener(com.badlogic.gdx.LifecycleListener)
    public abstract void removeLifecycleListener(com.badlogic.gdx.LifecycleListener)
com.badlogic.gdx.ApplicationAdapter:
    24:24:public void create()
    28:28:public void resize(int,int)
    32:32:public void render()
    36:36:public void pause()
    40:40:public void resume()
    44:44:public void dispose()
com.badlogic.gdx.Audio:
    public abstract com.badlogic.gdx.audio.AudioDevice newAudioDevice(int,boolean)
    public abstract com.badlogic.gdx.audio.AudioRecorder newAudioRecorder(int,boolean)
com.badlogic.gdx.Files:
    public abstract com.badlogic.gdx.files.FileHandle getFileHandle(java.lang.String,com.badlogic.gdx.Files$FileType)
    public abstract com.badlogic.gdx.files.FileHandle local(java.lang.String)
    public abstract boolean isExternalStorageAvailable()
    public abstract java.lang.String getLocalStoragePath()
    public abstract boolean isLocalStorageAvailable()
com.badlogic.gdx.Graphics:
    public abstract boolean isGL11Available()
    public abstract com.badlogic.gdx.graphics.GLCommon getGLCommon()
    public abstract com.badlogic.gdx.graphics.GLU getGLU()
    public abstract float getRawDeltaTime()
    public abstract com.badlogic.gdx.Graphics$GraphicsType getType()
    public abstract float getPpiX()
    public abstract float getPpiY()
    public abstract float getPpcX()
    public abstract float getPpcY()
    public abstract float getDensity()
    public abstract boolean supportsDisplayModeChange()
    public abstract com.badlogic.gdx.Graphics$DisplayMode[] getDisplayModes()
    public abstract boolean setDisplayMode(com.badlogic.gdx.Graphics$DisplayMode)
    public abstract boolean setDisplayMode(int,int,boolean)
    public abstract void setTitle(java.lang.String)
    public abstract void setVSync(boolean)
    public abstract com.badlogic.gdx.Graphics$BufferFormat getBufferFormat()
    public abstract boolean isContinuousRendering()
    public abstract boolean isFullscreen()
com.badlogic.gdx.HttpParametersUtils:
    22:31:public static java.lang.String convertHttpParameters(java.util.Map)
    36:38:private static java.lang.String encode(java.lang.String,java.lang.String)